<?xml version="1.0" encoding="UTF-8"?>
<robot generator="Robot 7.1 (Python 3.12.6 on win32)" generated="2024-10-01T20:49:21.043862" rpa="false" schemaversion="5">
<suite id="s1" name="Exercicio Amazon" source="C:\Users\Bruno Camilo\Desktop\robotFramework\exercicio_amazon.robot">
<test id="s1-t1" name="Pesquisa de Smartphone na Amazon" line="13">
<kw name="Pesquisar Produto na Amazon">
<kw name="Open Browser" owner="SeleniumLibrary">
<msg time="2024-10-01T20:49:21.301843" level="INFO">Opening browser 'chrome' to base url 'https://www.amazon.com.br'.</msg>
<arg>${URL}</arg>
<arg>${BROWSER}</arg>
<doc>Opens a new browser instance to the optional ``url``.</doc>
<status status="PASS" start="2024-10-01T20:49:21.301843" elapsed="5.445681"/>
</kw>
<kw name="Input Text" owner="SeleniumLibrary">
<msg time="2024-10-01T20:49:26.755548" level="INFO">Typing text 'smartphone' into text field 'id=twotabsearchtextbox'.</msg>
<arg>id=twotabsearchtextbox</arg>
<arg>${PRODUTO}</arg>
<doc>Types the given ``text`` into the text field identified by ``locator``.</doc>
<status status="PASS" start="2024-10-01T20:49:26.747524" elapsed="0.584477"/>
</kw>
<kw name="Click Button" owner="SeleniumLibrary">
<msg time="2024-10-01T20:49:27.334049" level="INFO">Clicking button 'id=nav-search-submit-button'.</msg>
<arg>id=nav-search-submit-button</arg>
<doc>Clicks the button identified by ``locator``.</doc>
<status status="PASS" start="2024-10-01T20:49:27.334049" elapsed="3.245204"/>
</kw>
<status status="PASS" start="2024-10-01T20:49:21.301843" elapsed="9.277410"/>
</kw>
<kw name="Page Should Contain" owner="SeleniumLibrary">
<msg time="2024-10-01T20:49:30.854890" level="INFO">Current page contains text 'smartphone'.</msg>
<arg>${PRODUTO}</arg>
<doc>Verifies that current page contains ``text``.</doc>
<status status="PASS" start="2024-10-01T20:49:30.579253" elapsed="0.275637"/>
</kw>
<kw name="Close Browser" owner="SeleniumLibrary">
<doc>Closes the current browser.</doc>
<status status="PASS" start="2024-10-01T20:49:30.854890" elapsed="2.300159"/>
</kw>
<status status="PASS" start="2024-10-01T20:49:21.301843" elapsed="11.853206"/>
</test>
<status status="PASS" start="2024-10-01T20:49:21.051030" elapsed="12.106470"/>
</suite>
<statistics>
<total>
<stat pass="1" fail="0" skip="0">All Tests</stat>
</total>
<tag>
</tag>
<suite>
<stat pass="1" fail="0" skip="0" id="s1" name="Exercicio Amazon">Exercicio Amazon</stat>
</suite>
</statistics>
<errors>
</errors>
</robot>
